# JRE version: Java(TM) SE Runtime Environment (19.0.2+7) (build 19.0.2+7-44)
# Java VM: Java HotSpot(TM) 64-Bit Server VM (19.0.2+7-44, mixed mode, sharing, tiered, compressed oops, compressed class ptrs, g1 gc, windows-amd64)
GC Precious Log:
 CardTable entry size: 512
 Card Set container configuration: InlinePtr #cards 5 size 8 Array Of Cards #cards 12 size 40 Howl #buckets 4 coarsen threshold 1843 Howl Bitmap #cards 512 size 80 coarsen threshold 460 Card regions per heap region 1 cards per card region 2048
 CPUs: 8 total, 8 available
 Memory: 7883M
 Large Page Support: Disabled
 NUMA Support: Disabled
 Compressed Oops: Enabled (32-bit)
 Heap Region Size: 1M
 Heap Min Capacity: 8M
 Heap Initial Capacity: 124M
 Heap Max Capacity: 1972M
 Pre-touch: Disabled
 Parallel Workers: 8
 Concurrent Workers: 2
 Concurrent Refinement Workers: 8
 Periodic GC: Disabled
Heap:
 garbage-first heap   total 58368K, used 37334K [0x0000000084c00000, 0x0000000100000000)
  region size 1024K, 20 young (20480K), 4 survivors (4096K)
 Metaspace       used 56759K, committed 57408K, reserved 1114112K
  class space    used 7430K, committed 7744K, reserved 1048576K
GC Heap History (20 events):
Event: 0.512 GC heap before
{Heap before GC invocations=0 (full 0):
 garbage-first heap   total 126976K, used 23552K [0x0000000084c00000, 0x0000000100000000)
  region size 1024K, 23 young (23552K), 0 survivors (0K)
 Metaspace       used 6705K, committed 6912K, reserved 1114112K
  class space    used 769K, committed 896K, reserved 1048576K
}
Event: 0.519 GC heap after
{Heap after GC invocations=1 (full 0):
 garbage-first heap   total 126976K, used 6571K [0x0000000084c00000, 0x0000000100000000)
  region size 1024K, 3 young (3072K), 3 survivors (3072K)
 Metaspace       used 6705K, committed 6912K, reserved 1114112K
  class space    used 769K, committed 896K, reserved 1048576K
}
Event: 0.804 GC heap before
{Heap before GC invocations=1 (full 0):
 garbage-first heap   total 126976K, used 35243K [0x0000000084c00000, 0x0000000100000000)
  region size 1024K, 32 young (32768K), 3 survivors (3072K)
 Metaspace       used 14539K, committed 14720K, reserved 1114112K
  class space    used 1708K, committed 1792K, reserved 1048576K
}
Event: 0.809 GC heap after
{Heap after GC invocations=2 (full 0):
 garbage-first heap   total 126976K, used 9119K [0x0000000084c00000, 0x0000000100000000)
  region size 1024K, 3 young (3072K), 3 survivors (3072K)
 Metaspace       used 14539K, committed 14720K, reserved 1114112K
  class space    used 1708K, committed 1792K, reserved 1048576K
}
Event: 1.415 GC heap before
{Heap before GC invocations=2 (full 0):
 garbage-first heap   total 126976K, used 49055K [0x0000000084c00000, 0x0000000100000000)
  region size 1024K, 44 young (45056K), 3 survivors (3072K)
 Metaspace       used 21192K, committed 21504K, reserved 1114112K
  class space    used 2524K, committed 2688K, reserved 1048576K
}
Event: 1.419 GC heap after
{Heap after GC invocations=3 (full 0):
 garbage-first heap   total 126976K, used 12192K [0x0000000084c00000, 0x0000000100000000)
  region size 1024K, 6 young (6144K), 6 survivors (6144K)
 Metaspace       used 21192K, committed 21504K, reserved 1114112K
  class space    used 2524K, committed 2688K, reserved 1048576K
}
Event: 1.797 GC heap before
{Heap before GC invocations=4 (full 0):
 garbage-first heap   total 48128K, used 34720K [0x0000000084c00000, 0x0000000100000000)
  region size 1024K, 28 young (28672K), 6 survivors (6144K)
 Metaspace       used 26384K, committed 26880K, reserved 1114112K
  class space    used 3196K, committed 3392K, reserved 1048576K
}
Event: 1.806 GC heap after
{Heap after GC invocations=5 (full 0):
 garbage-first heap   total 48128K, used 14862K [0x0000000084c00000, 0x0000000100000000)
  region size 1024K, 3 young (3072K), 3 survivors (3072K)
 Metaspace       used 26384K, committed 26880K, reserved 1114112K
  class space    used 3196K, committed 3392K, reserved 1048576K
}
Event: 1.823 GC heap before
{Heap before GC invocations=5 (full 0):
 garbage-first heap   total 48128K, used 15886K [0x0000000084c00000, 0x0000000100000000)
  region size 1024K, 4 young (4096K), 3 survivors (3072K)
 Metaspace       used 26736K, committed 27200K, reserved 1114112K
  class space    used 3245K, committed 3456K, reserved 1048576K
}
Event: 1.827 GC heap after
{Heap after GC invocations=6 (full 0):
 garbage-first heap   total 58368K, used 15765K [0x0000000084c00000, 0x0000000100000000)
  region size 1024K, 1 young (1024K), 1 survivors (1024K)
 Metaspace       used 26736K, committed 27200K, reserved 1114112K
  class space    used 3245K, committed 3456K, reserved 1048576K
}
Event: 2.188 GC heap before
{Heap before GC invocations=6 (full 0):
 garbage-first heap   total 58368K, used 39317K [0x0000000084c00000, 0x0000000100000000)
  region size 1024K, 25 young (25600K), 1 survivors (1024K)
 Metaspace       used 32155K, committed 32640K, reserved 1114112K
  class space    used 4033K, committed 4224K, reserved 1048576K
}
Event: 2.190 GC heap after
{Heap after GC invocations=7 (full 0):
 garbage-first heap   total 58368K, used 16703K [0x0000000084c00000, 0x0000000100000000)
  region size 1024K, 2 young (2048K), 2 survivors (2048K)
 Metaspace       used 32155K, committed 32640K, reserved 1114112K
  class space    used 4033K, committed 4224K, reserved 1048576K
}
Event: 2.377 GC heap before
{Heap before GC invocations=7 (full 0):
 garbage-first heap   total 58368K, used 25919K [0x0000000084c00000, 0x0000000100000000)
  region size 1024K, 12 young (12288K), 2 survivors (2048K)
 Metaspace       used 35454K, committed 35968K, reserved 1114112K
  class space    used 4451K, committed 4736K, reserved 1048576K
}
Event: 2.379 GC heap after
{Heap after GC invocations=8 (full 0):
 garbage-first heap   total 58368K, used 17457K [0x0000000084c00000, 0x0000000100000000)
  region size 1024K, 3 young (3072K), 3 survivors (3072K)
 Metaspace       used 35454K, committed 35968K, reserved 1114112K
  class space    used 4451K, committed 4736K, reserved 1048576K
}
Event: 2.739 GC heap before
{Heap before GC invocations=9 (full 0):
 garbage-first heap   total 58368K, used 43057K [0x0000000084c00000, 0x0000000100000000)
  region size 1024K, 28 young (28672K), 3 survivors (3072K)
 Metaspace       used 43669K, committed 44160K, reserved 1114112K
  class space    used 5590K, committed 5824K, reserved 1048576K
}
Event: 2.743 GC heap after
{Heap after GC invocations=10 (full 0):
 garbage-first heap   total 58368K, used 19049K [0x0000000084c00000, 0x0000000100000000)
  region size 1024K, 4 young (4096K), 4 survivors (4096K)
 Metaspace       used 43669K, committed 44160K, reserved 1114112K
  class space    used 5590K, committed 5824K, reserved 1048576K
}
Event: 3.128 GC heap before
{Heap before GC invocations=10 (full 0):
 garbage-first heap   total 58368K, used 43625K [0x0000000084c00000, 0x0000000100000000)
  region size 1024K, 29 young (29696K), 4 survivors (4096K)
 Metaspace       used 49626K, committed 50176K, reserved 1114112K
  class space    used 6462K, committed 6720K, reserved 1048576K
}
Event: 3.131 GC heap after
{Heap after GC invocations=11 (full 0):
 garbage-first heap   total 58368K, used 20877K [0x0000000084c00000, 0x0000000100000000)
  region size 1024K, 4 young (4096K), 4 survivors (4096K)
 Metaspace       used 49626K, committed 50176K, reserved 1114112K
  class space    used 6462K, committed 6720K, reserved 1048576K
}
Event: 3.463 GC heap before
{Heap before GC invocations=11 (full 0):
 garbage-first heap   total 58368K, used 43405K [0x0000000084c00000, 0x0000000100000000)
  region size 1024K, 27 young (27648K), 4 survivors (4096K)
 Metaspace       used 53566K, committed 54144K, reserved 1114112K
  class space    used 7005K, committed 7232K, reserved 1048576K
}
Event: 3.467 GC heap after
{Heap after GC invocations=12 (full 0):
 garbage-first heap   total 58368K, used 22998K [0x0000000084c00000, 0x0000000100000000)
  region size 1024K, 4 young (4096K), 4 survivors (4096K)
 Metaspace       used 53566K, committed 54144K, reserved 1114112K
  class space    used 7005K, committed 7232K, reserved 1048576K
}

