# JRE version: Java(TM) SE Runtime Environment (19.0.2+7) (build 19.0.2+7-44)
# Java VM: Java HotSpot(TM) 64-Bit Server VM (19.0.2+7-44, mixed mode, sharing, tiered, compressed oops, compressed class ptrs, g1 gc, windows-amd64)
GC Precious Log:
 CardTable entry size: 512
 Card Set container configuration: InlinePtr #cards 5 size 8 Array Of Cards #cards 12 size 40 Howl #buckets 4 coarsen threshold 1843 Howl Bitmap #cards 512 size 80 coarsen threshold 460 Card regions per heap region 1 cards per card region 2048
 CPUs: 8 total, 8 available
 Memory: 7883M
 Large Page Support: Disabled
 NUMA Support: Disabled
 Compressed Oops: Enabled (32-bit)
 Heap Region Size: 1M
 Heap Min Capacity: 8M
 Heap Initial Capacity: 124M
 Heap Max Capacity: 1972M
 Pre-touch: Disabled
 Parallel Workers: 8
 Concurrent Workers: 2
 Concurrent Refinement Workers: 8
 Periodic GC: Disabled
Heap:
 garbage-first heap   total 93184K, used 26886K [0x0000000084c00000, 0x0000000100000000)
  region size 1024K, 12 young (12288K), 2 survivors (2048K)
 Metaspace       used 47148K, committed 47680K, reserved 1114112K
  class space    used 6100K, committed 6336K, reserved 1048576K
GC Heap History (20 events):
Event: 0.805 GC heap before
{Heap before GC invocations=1 (full 0):
 garbage-first heap   total 126976K, used 35904K [0x0000000084c00000, 0x0000000100000000)
  region size 1024K, 33 young (33792K), 3 survivors (3072K)
 Metaspace       used 11672K, committed 11904K, reserved 1114112K
  class space    used 1329K, committed 1472K, reserved 1048576K
}
Event: 0.809 GC heap after
{Heap after GC invocations=2 (full 0):
 garbage-first heap   total 126976K, used 8513K [0x0000000084c00000, 0x0000000100000000)
  region size 1024K, 3 young (3072K), 3 survivors (3072K)
 Metaspace       used 11672K, committed 11904K, reserved 1114112K
  class space    used 1329K, committed 1472K, reserved 1048576K
}
Event: 1.582 GC heap before
{Heap before GC invocations=2 (full 0):
 garbage-first heap   total 126976K, used 63809K [0x0000000084c00000, 0x0000000100000000)
  region size 1024K, 58 young (59392K), 3 survivors (3072K)
 Metaspace       used 21143K, committed 21504K, reserved 1114112K
  class space    used 2490K, committed 2688K, reserved 1048576K
}
Event: 1.587 GC heap after
{Heap after GC invocations=3 (full 0):
 garbage-first heap   total 126976K, used 11878K [0x0000000084c00000, 0x0000000100000000)
  region size 1024K, 6 young (6144K), 6 survivors (6144K)
 Metaspace       used 21143K, committed 21504K, reserved 1114112K
  class space    used 2490K, committed 2688K, reserved 1048576K
}
Event: 1.959 GC heap before
{Heap before GC invocations=4 (full 0):
 garbage-first heap   total 48128K, used 34406K [0x0000000084c00000, 0x0000000100000000)
  region size 1024K, 28 young (28672K), 6 survivors (6144K)
 Metaspace       used 25481K, committed 25856K, reserved 1114112K
  class space    used 3079K, committed 3264K, reserved 1048576K
}
Event: 1.968 GC heap after
{Heap after GC invocations=5 (full 0):
 garbage-first heap   total 48128K, used 14373K [0x0000000084c00000, 0x0000000100000000)
  region size 1024K, 3 young (3072K), 3 survivors (3072K)
 Metaspace       used 25481K, committed 25856K, reserved 1114112K
  class space    used 3079K, committed 3264K, reserved 1048576K
}
Event: 1.988 GC heap before
{Heap before GC invocations=5 (full 0):
 garbage-first heap   total 48128K, used 15397K [0x0000000084c00000, 0x0000000100000000)
  region size 1024K, 4 young (4096K), 3 survivors (3072K)
 Metaspace       used 25736K, committed 26112K, reserved 1114112K
  class space    used 3105K, committed 3264K, reserved 1048576K
}
Event: 1.991 GC heap after
{Heap after GC invocations=6 (full 0):
 garbage-first heap   total 48128K, used 14699K [0x0000000084c00000, 0x0000000100000000)
  region size 1024K, 1 young (1024K), 1 survivors (1024K)
 Metaspace       used 25736K, committed 26112K, reserved 1114112K
  class space    used 3105K, committed 3264K, reserved 1048576K
}
Event: 2.258 GC heap before
{Heap before GC invocations=6 (full 0):
 garbage-first heap   total 48128K, used 32107K [0x0000000084c00000, 0x0000000100000000)
  region size 1024K, 19 young (19456K), 1 survivors (1024K)
 Metaspace       used 29215K, committed 29632K, reserved 1114112K
  class space    used 3525K, committed 3712K, reserved 1048576K
}
Event: 2.260 GC heap after
{Heap after GC invocations=7 (full 0):
 garbage-first heap   total 48128K, used 15910K [0x0000000084c00000, 0x0000000100000000)
  region size 1024K, 2 young (2048K), 2 survivors (2048K)
 Metaspace       used 29215K, committed 29632K, reserved 1114112K
  class space    used 3525K, committed 3712K, reserved 1048576K
}
Event: 2.535 GC heap before
{Heap before GC invocations=7 (full 0):
 garbage-first heap   total 48128K, used 34342K [0x0000000084c00000, 0x0000000100000000)
  region size 1024K, 20 young (20480K), 2 survivors (2048K)
 Metaspace       used 33477K, committed 33920K, reserved 1114112K
  class space    used 4181K, committed 4352K, reserved 1048576K
}
Event: 2.537 GC heap after
{Heap after GC invocations=8 (full 0):
 garbage-first heap   total 48128K, used 16702K [0x0000000084c00000, 0x0000000100000000)
  region size 1024K, 1 young (1024K), 1 survivors (1024K)
 Metaspace       used 33477K, committed 33920K, reserved 1114112K
  class space    used 4181K, committed 4352K, reserved 1048576K
}
Event: 2.679 GC heap before
{Heap before GC invocations=8 (full 0):
 garbage-first heap   total 48128K, used 22846K [0x0000000084c00000, 0x0000000100000000)
  region size 1024K, 8 young (8192K), 1 survivors (1024K)
 Metaspace       used 35500K, committed 35968K, reserved 1114112K
  class space    used 4427K, committed 4672K, reserved 1048576K
}
Event: 2.681 GC heap after
{Heap after GC invocations=9 (full 0):
 garbage-first heap   total 48128K, used 17166K [0x0000000084c00000, 0x0000000100000000)
  region size 1024K, 2 young (2048K), 2 survivors (2048K)
 Metaspace       used 35500K, committed 35968K, reserved 1114112K
  class space    used 4427K, committed 4672K, reserved 1048576K
}
Event: 2.949 GC heap before
{Heap before GC invocations=10 (full 0):
 garbage-first heap   total 48128K, used 34574K [0x0000000084c00000, 0x0000000100000000)
  region size 1024K, 20 young (20480K), 2 survivors (2048K)
 Metaspace       used 39988K, committed 40448K, reserved 1114112K
  class space    used 5002K, committed 5184K, reserved 1048576K
}
Event: 2.951 GC heap after
{Heap after GC invocations=11 (full 0):
 garbage-first heap   total 48128K, used 17939K [0x0000000084c00000, 0x0000000100000000)
  region size 1024K, 3 young (3072K), 3 survivors (3072K)
 Metaspace       used 39988K, committed 40448K, reserved 1114112K
  class space    used 5002K, committed 5184K, reserved 1048576K
}
Event: 2.964 GC heap before
{Heap before GC invocations=11 (full 0):
 garbage-first heap   total 48128K, used 18963K [0x0000000084c00000, 0x0000000100000000)
  region size 1024K, 4 young (4096K), 3 survivors (3072K)
 Metaspace       used 40333K, committed 40832K, reserved 1114112K
  class space    used 5021K, committed 5248K, reserved 1048576K
}
Event: 2.967 GC heap after
{Heap after GC invocations=12 (full 0):
 garbage-first heap   total 48128K, used 17865K [0x0000000084c00000, 0x0000000100000000)
  region size 1024K, 1 young (1024K), 1 survivors (1024K)
 Metaspace       used 40333K, committed 40832K, reserved 1114112K
  class space    used 5021K, committed 5248K, reserved 1048576K
}
Event: 3.206 GC heap before
{Heap before GC invocations=12 (full 0):
 garbage-first heap   total 48128K, used 35273K [0x0000000084c00000, 0x0000000100000000)
  region size 1024K, 19 young (19456K), 1 survivors (1024K)
 Metaspace       used 45050K, committed 45568K, reserved 1114112K
  class space    used 5753K, committed 6016K, reserved 1048576K
}
Event: 3.208 GC heap after
{Heap after GC invocations=13 (full 0):
 garbage-first heap   total 93184K, used 18694K [0x0000000084c00000, 0x0000000100000000)
  region size 1024K, 2 young (2048K), 2 survivors (2048K)
 Metaspace       used 45050K, committed 45568K, reserved 1114112K
  class space    used 5753K, committed 6016K, reserved 1048576K
}

