# JRE version: Java(TM) SE Runtime Environment (19.0.2+7) (build 19.0.2+7-44)
# Java VM: Java HotSpot(TM) 64-Bit Server VM (19.0.2+7-44, mixed mode, sharing, tiered, compressed oops, compressed class ptrs, g1 gc, windows-amd64)
GC Precious Log:
 CardTable entry size: 512
 Card Set container configuration: InlinePtr #cards 5 size 8 Array Of Cards #cards 12 size 40 Howl #buckets 4 coarsen threshold 1843 Howl Bitmap #cards 512 size 80 coarsen threshold 460 Card regions per heap region 1 cards per card region 2048
 CPUs: 8 total, 8 available
 Memory: 7883M
 Large Page Support: Disabled
 NUMA Support: Disabled
 Compressed Oops: Enabled (32-bit)
 Heap Region Size: 1M
 Heap Min Capacity: 8M
 Heap Initial Capacity: 124M
 Heap Max Capacity: 1972M
 Pre-touch: Disabled
 Parallel Workers: 8
 Concurrent Workers: 2
 Concurrent Refinement Workers: 8
 Periodic GC: Disabled
Heap:
 garbage-first heap   total 48128K, used 29131K [0x0000000084c00000, 0x0000000100000000)
  region size 1024K, 14 young (14336K), 1 survivors (1024K)
 Metaspace       used 43439K, committed 43968K, reserved 1114112K
  class space    used 5489K, committed 5760K, reserved 1048576K
GC Heap History (20 events):
Event: 0.945 GC heap before
{Heap before GC invocations=0 (full 0):
 garbage-first heap   total 126976K, used 24576K [0x0000000084c00000, 0x0000000100000000)
  region size 1024K, 23 young (23552K), 0 survivors (0K)
 Metaspace       used 5227K, committed 5376K, reserved 1114112K
  class space    used 572K, committed 640K, reserved 1048576K
}
Event: 0.949 GC heap after
{Heap after GC invocations=1 (full 0):
 garbage-first heap   total 126976K, used 6182K [0x0000000084c00000, 0x0000000100000000)
  region size 1024K, 3 young (3072K), 3 survivors (3072K)
 Metaspace       used 5227K, committed 5376K, reserved 1114112K
  class space    used 572K, committed 640K, reserved 1048576K
}
Event: 1.274 GC heap before
{Heap before GC invocations=1 (full 0):
 garbage-first heap   total 126976K, used 35878K [0x0000000084c00000, 0x0000000100000000)
  region size 1024K, 33 young (33792K), 3 survivors (3072K)
 Metaspace       used 11768K, committed 12032K, reserved 1114112K
  class space    used 1336K, committed 1472K, reserved 1048576K
}
Event: 1.277 GC heap after
{Heap after GC invocations=2 (full 0):
 garbage-first heap   total 126976K, used 8595K [0x0000000084c00000, 0x0000000100000000)
  region size 1024K, 3 young (3072K), 3 survivors (3072K)
 Metaspace       used 11768K, committed 12032K, reserved 1114112K
  class space    used 1336K, committed 1472K, reserved 1048576K
}
Event: 2.186 GC heap before
{Heap before GC invocations=2 (full 0):
 garbage-first heap   total 126976K, used 63891K [0x0000000084c00000, 0x0000000100000000)
  region size 1024K, 58 young (59392K), 3 survivors (3072K)
 Metaspace       used 21133K, committed 21504K, reserved 1114112K
  class space    used 2487K, committed 2688K, reserved 1048576K
}
Event: 2.191 GC heap after
{Heap after GC invocations=3 (full 0):
 garbage-first heap   total 126976K, used 11896K [0x0000000084c00000, 0x0000000100000000)
  region size 1024K, 6 young (6144K), 6 survivors (6144K)
 Metaspace       used 21133K, committed 21504K, reserved 1114112K
  class space    used 2487K, committed 2688K, reserved 1048576K
}
Event: 2.589 GC heap before
{Heap before GC invocations=4 (full 0):
 garbage-first heap   total 48128K, used 34424K [0x0000000084c00000, 0x0000000100000000)
  region size 1024K, 28 young (28672K), 6 survivors (6144K)
 Metaspace       used 25376K, committed 25792K, reserved 1114112K
  class space    used 3063K, committed 3264K, reserved 1048576K
}
Event: 2.597 GC heap after
{Heap after GC invocations=5 (full 0):
 garbage-first heap   total 48128K, used 14408K [0x0000000084c00000, 0x0000000100000000)
  region size 1024K, 3 young (3072K), 3 survivors (3072K)
 Metaspace       used 25376K, committed 25792K, reserved 1114112K
  class space    used 3063K, committed 3264K, reserved 1048576K
}
Event: 2.624 GC heap before
{Heap before GC invocations=5 (full 0):
 garbage-first heap   total 48128K, used 15432K [0x0000000084c00000, 0x0000000100000000)
  region size 1024K, 4 young (4096K), 3 survivors (3072K)
 Metaspace       used 25658K, committed 26048K, reserved 1114112K
  class space    used 3095K, committed 3264K, reserved 1048576K
}
Event: 2.628 GC heap after
{Heap after GC invocations=6 (full 0):
 garbage-first heap   total 48128K, used 14690K [0x0000000084c00000, 0x0000000100000000)
  region size 1024K, 1 young (1024K), 1 survivors (1024K)
 Metaspace       used 25658K, committed 26048K, reserved 1114112K
  class space    used 3095K, committed 3264K, reserved 1048576K
}
Event: 2.884 GC heap before
{Heap before GC invocations=6 (full 0):
 garbage-first heap   total 48128K, used 32098K [0x0000000084c00000, 0x0000000100000000)
  region size 1024K, 19 young (19456K), 1 survivors (1024K)
 Metaspace       used 28941K, committed 29440K, reserved 1114112K
  class space    used 3498K, committed 3712K, reserved 1048576K
}
Event: 2.886 GC heap after
{Heap after GC invocations=7 (full 0):
 garbage-first heap   total 48128K, used 16069K [0x0000000084c00000, 0x0000000100000000)
  region size 1024K, 2 young (2048K), 2 survivors (2048K)
 Metaspace       used 28941K, committed 29440K, reserved 1114112K
  class space    used 3498K, committed 3712K, reserved 1048576K
}
Event: 3.154 GC heap before
{Heap before GC invocations=7 (full 0):
 garbage-first heap   total 48128K, used 33477K [0x0000000084c00000, 0x0000000100000000)
  region size 1024K, 20 young (20480K), 2 survivors (2048K)
 Metaspace       used 33328K, committed 33792K, reserved 1114112K
  class space    used 4153K, committed 4352K, reserved 1048576K
}
Event: 3.156 GC heap after
{Heap after GC invocations=8 (full 0):
 garbage-first heap   total 48128K, used 16735K [0x0000000084c00000, 0x0000000100000000)
  region size 1024K, 1 young (1024K), 1 survivors (1024K)
 Metaspace       used 33328K, committed 33792K, reserved 1114112K
  class space    used 4153K, committed 4352K, reserved 1048576K
}
Event: 3.327 GC heap before
{Heap before GC invocations=8 (full 0):
 garbage-first heap   total 48128K, used 22879K [0x0000000084c00000, 0x0000000100000000)
  region size 1024K, 8 young (8192K), 1 survivors (1024K)
 Metaspace       used 35571K, committed 35968K, reserved 1114112K
  class space    used 4421K, committed 4608K, reserved 1048576K
}
Event: 3.329 GC heap after
{Heap after GC invocations=9 (full 0):
 garbage-first heap   total 48128K, used 17257K [0x0000000084c00000, 0x0000000100000000)
  region size 1024K, 2 young (2048K), 2 survivors (2048K)
 Metaspace       used 35571K, committed 35968K, reserved 1114112K
  class space    used 4421K, committed 4608K, reserved 1048576K
}
Event: 3.630 GC heap before
{Heap before GC invocations=10 (full 0):
 garbage-first heap   total 48128K, used 34665K [0x0000000084c00000, 0x0000000100000000)
  region size 1024K, 20 young (20480K), 2 survivors (2048K)
 Metaspace       used 39944K, committed 40384K, reserved 1114112K
  class space    used 4992K, committed 5184K, reserved 1048576K
}
Event: 3.632 GC heap after
{Heap after GC invocations=11 (full 0):
 garbage-first heap   total 48128K, used 18126K [0x0000000084c00000, 0x0000000100000000)
  region size 1024K, 3 young (3072K), 3 survivors (3072K)
 Metaspace       used 39944K, committed 40384K, reserved 1114112K
  class space    used 4992K, committed 5184K, reserved 1048576K
}
Event: 3.645 GC heap before
{Heap before GC invocations=11 (full 0):
 garbage-first heap   total 48128K, used 19150K [0x0000000084c00000, 0x0000000100000000)
  region size 1024K, 4 young (4096K), 3 survivors (3072K)
 Metaspace       used 40279K, committed 40768K, reserved 1114112K
  class space    used 5008K, committed 5248K, reserved 1048576K
}
Event: 3.648 GC heap after
{Heap after GC invocations=12 (full 0):
 garbage-first heap   total 48128K, used 17867K [0x0000000084c00000, 0x0000000100000000)
  region size 1024K, 1 young (1024K), 1 survivors (1024K)
 Metaspace       used 40279K, committed 40768K, reserved 1114112K
  class space    used 5008K, committed 5248K, reserved 1048576K
}

