# JRE version: Java(TM) SE Runtime Environment (19.0.2+7) (build 19.0.2+7-44)
# Java VM: Java HotSpot(TM) 64-Bit Server VM (19.0.2+7-44, mixed mode, sharing, tiered, compressed oops, compressed class ptrs, g1 gc, windows-amd64)
GC Precious Log:
 CardTable entry size: 512
 Card Set container configuration: InlinePtr #cards 5 size 8 Array Of Cards #cards 12 size 40 Howl #buckets 4 coarsen threshold 1843 Howl Bitmap #cards 512 size 80 coarsen threshold 460 Card regions per heap region 1 cards per card region 2048
 CPUs: 8 total, 8 available
 Memory: 7883M
 Large Page Support: Disabled
 NUMA Support: Disabled
 Compressed Oops: Enabled (32-bit)
 Heap Region Size: 1M
 Heap Min Capacity: 8M
 Heap Initial Capacity: 124M
 Heap Max Capacity: 1972M
 Pre-touch: Disabled
 Parallel Workers: 8
 Concurrent Workers: 2
 Concurrent Refinement Workers: 8
 Periodic GC: Disabled
Heap:
 garbage-first heap   total 48128K, used 24049K [0x0000000084c00000, 0x0000000100000000)
  region size 1024K, 9 young (9216K), 3 survivors (3072K)
 Metaspace       used 42950K, committed 43456K, reserved 1114112K
  class space    used 5466K, committed 5696K, reserved 1048576K
GC Heap History (16 events):
Event: 0.470 GC heap before
{Heap before GC invocations=0 (full 0):
 garbage-first heap   total 126976K, used 23552K [0x0000000084c00000, 0x0000000100000000)
  region size 1024K, 23 young (23552K), 0 survivors (0K)
 Metaspace       used 6700K, committed 6912K, reserved 1114112K
  class space    used 768K, committed 896K, reserved 1048576K
}
Event: 0.475 GC heap after
{Heap after GC invocations=1 (full 0):
 garbage-first heap   total 126976K, used 6592K [0x0000000084c00000, 0x0000000100000000)
  region size 1024K, 3 young (3072K), 3 survivors (3072K)
 Metaspace       used 6700K, committed 6912K, reserved 1114112K
  class space    used 768K, committed 896K, reserved 1048576K
}
Event: 0.721 GC heap before
{Heap before GC invocations=1 (full 0):
 garbage-first heap   total 126976K, used 36288K [0x0000000084c00000, 0x0000000100000000)
  region size 1024K, 32 young (32768K), 3 survivors (3072K)
 Metaspace       used 14408K, committed 14656K, reserved 1114112K
  class space    used 1693K, committed 1792K, reserved 1048576K
}
Event: 0.725 GC heap after
{Heap after GC invocations=2 (full 0):
 garbage-first heap   total 126976K, used 8985K [0x0000000084c00000, 0x0000000100000000)
  region size 1024K, 3 young (3072K), 3 survivors (3072K)
 Metaspace       used 14408K, committed 14656K, reserved 1114112K
  class space    used 1693K, committed 1792K, reserved 1048576K
}
Event: 1.494 GC heap before
{Heap before GC invocations=2 (full 0):
 garbage-first heap   total 126976K, used 47897K [0x0000000084c00000, 0x0000000100000000)
  region size 1024K, 43 young (44032K), 3 survivors (3072K)
 Metaspace       used 21132K, committed 21504K, reserved 1114112K
  class space    used 2514K, committed 2688K, reserved 1048576K
}
Event: 1.499 GC heap after
{Heap after GC invocations=3 (full 0):
 garbage-first heap   total 126976K, used 12186K [0x0000000084c00000, 0x0000000100000000)
  region size 1024K, 6 young (6144K), 6 survivors (6144K)
 Metaspace       used 21132K, committed 21504K, reserved 1114112K
  class space    used 2514K, committed 2688K, reserved 1048576K
}
Event: 2.004 GC heap before
{Heap before GC invocations=4 (full 0):
 garbage-first heap   total 48128K, used 34714K [0x0000000084c00000, 0x0000000100000000)
  region size 1024K, 28 young (28672K), 6 survivors (6144K)
 Metaspace       used 26225K, committed 26688K, reserved 1114112K
  class space    used 3178K, committed 3392K, reserved 1048576K
}
Event: 2.012 GC heap after
{Heap after GC invocations=5 (full 0):
 garbage-first heap   total 48128K, used 14692K [0x0000000084c00000, 0x0000000100000000)
  region size 1024K, 3 young (3072K), 3 survivors (3072K)
 Metaspace       used 26225K, committed 26688K, reserved 1114112K
  class space    used 3178K, committed 3392K, reserved 1048576K
}
Event: 2.031 GC heap before
{Heap before GC invocations=5 (full 0):
 garbage-first heap   total 48128K, used 15716K [0x0000000084c00000, 0x0000000100000000)
  region size 1024K, 4 young (4096K), 3 survivors (3072K)
 Metaspace       used 26505K, committed 27008K, reserved 1114112K
  class space    used 3215K, committed 3456K, reserved 1048576K
}
Event: 2.034 GC heap after
{Heap after GC invocations=6 (full 0):
 garbage-first heap   total 48128K, used 15733K [0x0000000084c00000, 0x0000000100000000)
  region size 1024K, 1 young (1024K), 1 survivors (1024K)
 Metaspace       used 26505K, committed 27008K, reserved 1114112K
  class space    used 3215K, committed 3456K, reserved 1048576K
}
Event: 2.320 GC heap before
{Heap before GC invocations=6 (full 0):
 garbage-first heap   total 48128K, used 33141K [0x0000000084c00000, 0x0000000100000000)
  region size 1024K, 19 young (19456K), 1 survivors (1024K)
 Metaspace       used 30378K, committed 30848K, reserved 1114112K
  class space    used 3745K, committed 3968K, reserved 1048576K
}
Event: 2.323 GC heap after
{Heap after GC invocations=7 (full 0):
 garbage-first heap   total 48128K, used 16724K [0x0000000084c00000, 0x0000000100000000)
  region size 1024K, 2 young (2048K), 2 survivors (2048K)
 Metaspace       used 30378K, committed 30848K, reserved 1114112K
  class space    used 3745K, committed 3968K, reserved 1048576K
}
Event: 2.758 GC heap before
{Heap before GC invocations=7 (full 0):
 garbage-first heap   total 48128K, used 31060K [0x0000000084c00000, 0x0000000100000000)
  region size 1024K, 18 young (18432K), 2 survivors (2048K)
 Metaspace       used 35418K, committed 35968K, reserved 1114112K
  class space    used 4455K, committed 4736K, reserved 1048576K
}
Event: 2.761 GC heap after
{Heap after GC invocations=8 (full 0):
 garbage-first heap   total 48128K, used 17700K [0x0000000084c00000, 0x0000000100000000)
  region size 1024K, 3 young (3072K), 3 survivors (3072K)
 Metaspace       used 35418K, committed 35968K, reserved 1114112K
  class space    used 4455K, committed 4736K, reserved 1048576K
}
Event: 3.101 GC heap before
{Heap before GC invocations=9 (full 0):
 garbage-first heap   total 48128K, used 36132K [0x0000000084c00000, 0x0000000100000000)
  region size 1024K, 21 young (21504K), 3 survivors (3072K)
 Metaspace       used 40688K, committed 41216K, reserved 1114112K
  class space    used 5132K, committed 5376K, reserved 1048576K
}
Event: 3.104 GC heap after
{Heap after GC invocations=10 (full 0):
 garbage-first heap   total 48128K, used 18929K [0x0000000084c00000, 0x0000000100000000)
  region size 1024K, 3 young (3072K), 3 survivors (3072K)
 Metaspace       used 40688K, committed 41216K, reserved 1114112K
  class space    used 5132K, committed 5376K, reserved 1048576K
}

