# JRE version: Java(TM) SE Runtime Environment (19.0.2+7) (build 19.0.2+7-44)
# Java VM: Java HotSpot(TM) 64-Bit Server VM (19.0.2+7-44, mixed mode, sharing, tiered, compressed oops, compressed class ptrs, g1 gc, windows-amd64)
GC Precious Log:
 CardTable entry size: 512
 Card Set container configuration: InlinePtr #cards 5 size 8 Array Of Cards #cards 12 size 40 Howl #buckets 4 coarsen threshold 1843 Howl Bitmap #cards 512 size 80 coarsen threshold 460 Card regions per heap region 1 cards per card region 2048
 CPUs: 8 total, 8 available
 Memory: 7883M
 Large Page Support: Disabled
 NUMA Support: Disabled
 Compressed Oops: Enabled (32-bit)
 Heap Region Size: 1M
 Heap Min Capacity: 8M
 Heap Initial Capacity: 124M
 Heap Max Capacity: 1972M
 Pre-touch: Disabled
 Parallel Workers: 8
 Concurrent Workers: 2
 Concurrent Refinement Workers: 8
 Periodic GC: Disabled
Heap:
 garbage-first heap   total 65536K, used 25225K [0x0000000084c00000, 0x0000000100000000)
  region size 1024K, 6 young (6144K), 3 survivors (3072K)
 Metaspace       used 57990K, committed 58624K, reserved 1114112K
  class space    used 7629K, committed 7936K, reserved 1048576K
GC Heap History (20 events):
Event: 0.728 GC heap before
{Heap before GC invocations=1 (full 0):
 garbage-first heap   total 126976K, used 35360K [0x0000000084c00000, 0x0000000100000000)
  region size 1024K, 32 young (32768K), 3 survivors (3072K)
 Metaspace       used 14532K, committed 14784K, reserved 1114112K
  class space    used 1708K, committed 1792K, reserved 1048576K
}
Event: 0.732 GC heap after
{Heap after GC invocations=2 (full 0):
 garbage-first heap   total 126976K, used 8966K [0x0000000084c00000, 0x0000000100000000)
  region size 1024K, 3 young (3072K), 3 survivors (3072K)
 Metaspace       used 14532K, committed 14784K, reserved 1114112K
  class space    used 1708K, committed 1792K, reserved 1048576K
}
Event: 1.255 GC heap before
{Heap before GC invocations=2 (full 0):
 garbage-first heap   total 126976K, used 47878K [0x0000000084c00000, 0x0000000100000000)
  region size 1024K, 43 young (44032K), 3 survivors (3072K)
 Metaspace       used 21122K, committed 21504K, reserved 1114112K
  class space    used 2503K, committed 2688K, reserved 1048576K
}
Event: 1.260 GC heap after
{Heap after GC invocations=3 (full 0):
 garbage-first heap   total 126976K, used 12191K [0x0000000084c00000, 0x0000000100000000)
  region size 1024K, 6 young (6144K), 6 survivors (6144K)
 Metaspace       used 21122K, committed 21504K, reserved 1114112K
  class space    used 2503K, committed 2688K, reserved 1048576K
}
Event: 1.672 GC heap before
{Heap before GC invocations=4 (full 0):
 garbage-first heap   total 48128K, used 34719K [0x0000000084c00000, 0x0000000100000000)
  region size 1024K, 28 young (28672K), 6 survivors (6144K)
 Metaspace       used 26226K, committed 26688K, reserved 1114112K
  class space    used 3174K, committed 3392K, reserved 1048576K
}
Event: 1.681 GC heap after
{Heap after GC invocations=5 (full 0):
 garbage-first heap   total 48128K, used 14698K [0x0000000084c00000, 0x0000000100000000)
  region size 1024K, 3 young (3072K), 3 survivors (3072K)
 Metaspace       used 26226K, committed 26688K, reserved 1114112K
  class space    used 3174K, committed 3392K, reserved 1048576K
}
Event: 1.694 GC heap before
{Heap before GC invocations=5 (full 0):
 garbage-first heap   total 48128K, used 15722K [0x0000000084c00000, 0x0000000100000000)
  region size 1024K, 4 young (4096K), 3 survivors (3072K)
 Metaspace       used 26479K, committed 26944K, reserved 1114112K
  class space    used 3208K, committed 3456K, reserved 1048576K
}
Event: 1.698 GC heap after
{Heap after GC invocations=6 (full 0):
 garbage-first heap   total 48128K, used 15337K [0x0000000084c00000, 0x0000000100000000)
  region size 1024K, 1 young (1024K), 1 survivors (1024K)
 Metaspace       used 26479K, committed 26944K, reserved 1114112K
  class space    used 3208K, committed 3456K, reserved 1048576K
}
Event: 1.982 GC heap before
{Heap before GC invocations=6 (full 0):
 garbage-first heap   total 48128K, used 32745K [0x0000000084c00000, 0x0000000100000000)
  region size 1024K, 19 young (19456K), 1 survivors (1024K)
 Metaspace       used 30347K, committed 30848K, reserved 1114112K
  class space    used 3736K, committed 3968K, reserved 1048576K
}
Event: 1.985 GC heap after
{Heap after GC invocations=7 (full 0):
 garbage-first heap   total 90112K, used 16311K [0x0000000084c00000, 0x0000000100000000)
  region size 1024K, 2 young (2048K), 2 survivors (2048K)
 Metaspace       used 30347K, committed 30848K, reserved 1114112K
  class space    used 3736K, committed 3968K, reserved 1048576K
}
Event: 2.311 GC heap before
{Heap before GC invocations=7 (full 0):
 garbage-first heap   total 90112K, used 30647K [0x0000000084c00000, 0x0000000100000000)
  region size 1024K, 18 young (18432K), 2 survivors (2048K)
 Metaspace       used 35460K, committed 35968K, reserved 1114112K
  class space    used 4453K, committed 4736K, reserved 1048576K
}
Event: 2.313 GC heap after
{Heap after GC invocations=8 (full 0):
 garbage-first heap   total 90112K, used 17437K [0x0000000084c00000, 0x0000000100000000)
  region size 1024K, 3 young (3072K), 3 survivors (3072K)
 Metaspace       used 35460K, committed 35968K, reserved 1114112K
  class space    used 4453K, committed 4736K, reserved 1048576K
}
Event: 2.920 GC heap before
{Heap before GC invocations=9 (full 0):
 garbage-first heap   total 65536K, used 52253K [0x0000000084c00000, 0x0000000100000000)
  region size 1024K, 38 young (38912K), 3 survivors (3072K)
 Metaspace       used 45772K, committed 46336K, reserved 1114112K
  class space    used 5979K, committed 6208K, reserved 1048576K
}
Event: 2.923 GC heap after
{Heap after GC invocations=10 (full 0):
 garbage-first heap   total 65536K, used 19458K [0x0000000084c00000, 0x0000000100000000)
  region size 1024K, 5 young (5120K), 5 survivors (5120K)
 Metaspace       used 45772K, committed 46336K, reserved 1114112K
  class space    used 5979K, committed 6208K, reserved 1048576K
}
Event: 2.947 GC heap before
{Heap before GC invocations=10 (full 0):
 garbage-first heap   total 65536K, used 20482K [0x0000000084c00000, 0x0000000100000000)
  region size 1024K, 6 young (6144K), 5 survivors (5120K)
 Metaspace       used 46086K, committed 46592K, reserved 1114112K
  class space    used 6035K, committed 6272K, reserved 1048576K
}
Event: 2.950 GC heap after
{Heap after GC invocations=11 (full 0):
 garbage-first heap   total 65536K, used 19803K [0x0000000084c00000, 0x0000000100000000)
  region size 1024K, 1 young (1024K), 1 survivors (1024K)
 Metaspace       used 46086K, committed 46592K, reserved 1114112K
  class space    used 6035K, committed 6272K, reserved 1048576K
}
Event: 3.295 GC heap before
{Heap before GC invocations=11 (full 0):
 garbage-first heap   total 65536K, used 48475K [0x0000000084c00000, 0x0000000100000000)
  region size 1024K, 30 young (30720K), 1 survivors (1024K)
 Metaspace       used 52231K, committed 52736K, reserved 1114112K
  class space    used 6835K, committed 7040K, reserved 1048576K
}
Event: 3.298 GC heap after
{Heap after GC invocations=12 (full 0):
 garbage-first heap   total 65536K, used 21897K [0x0000000084c00000, 0x0000000100000000)
  region size 1024K, 3 young (3072K), 3 survivors (3072K)
 Metaspace       used 52231K, committed 52736K, reserved 1114112K
  class space    used 6835K, committed 7040K, reserved 1048576K
}
Event: 7.416 GC heap before
{Heap before GC invocations=12 (full 0):
 garbage-first heap   total 65536K, used 48521K [0x0000000084c00000, 0x0000000100000000)
  region size 1024K, 30 young (30720K), 3 survivors (3072K)
 Metaspace       used 57372K, committed 57984K, reserved 1114112K
  class space    used 7542K, committed 7808K, reserved 1048576K
}
Event: 7.429 GC heap after
{Heap after GC invocations=13 (full 0):
 garbage-first heap   total 65536K, used 24201K [0x0000000084c00000, 0x0000000100000000)
  region size 1024K, 3 young (3072K), 3 survivors (3072K)
 Metaspace       used 57372K, committed 57984K, reserved 1114112K
  class space    used 7542K, committed 7808K, reserved 1048576K
}

