# JRE version: Java(TM) SE Runtime Environment (19.0.2+7) (build 19.0.2+7-44)
# Java VM: Java HotSpot(TM) 64-Bit Server VM (19.0.2+7-44, mixed mode, sharing, tiered, compressed oops, compressed class ptrs, g1 gc, windows-amd64)
GC Precious Log:
 CardTable entry size: 512
 Card Set container configuration: InlinePtr #cards 5 size 8 Array Of Cards #cards 12 size 40 Howl #buckets 4 coarsen threshold 1843 Howl Bitmap #cards 512 size 80 coarsen threshold 460 Card regions per heap region 1 cards per card region 2048
 CPUs: 8 total, 8 available
 Memory: 7883M
 Large Page Support: Disabled
 NUMA Support: Disabled
 Compressed Oops: Enabled (32-bit)
 Heap Region Size: 1M
 Heap Min Capacity: 8M
 Heap Initial Capacity: 124M
 Heap Max Capacity: 1972M
 Pre-touch: Disabled
 Parallel Workers: 8
 Concurrent Workers: 2
 Concurrent Refinement Workers: 8
 Periodic GC: Disabled
Heap:
 garbage-first heap   total 51200K, used 18049K [0x0000000084c00000, 0x0000000100000000)
  region size 1024K, 3 young (3072K), 3 survivors (3072K)
 Metaspace       used 40675K, committed 41088K, reserved 1114112K
  class space    used 5068K, committed 5248K, reserved 1048576K
GC Heap History (15 events):
Event: 0.868 GC heap before
{Heap before GC invocations=0 (full 0):
 garbage-first heap   total 126976K, used 24576K [0x0000000084c00000, 0x0000000100000000)
  region size 1024K, 23 young (23552K), 0 survivors (0K)
 Metaspace       used 5232K, committed 5440K, reserved 1114112K
  class space    used 572K, committed 640K, reserved 1048576K
}
Event: 0.872 GC heap after
{Heap after GC invocations=1 (full 0):
 garbage-first heap   total 126976K, used 6276K [0x0000000084c00000, 0x0000000100000000)
  region size 1024K, 3 young (3072K), 3 survivors (3072K)
 Metaspace       used 5232K, committed 5440K, reserved 1114112K
  class space    used 572K, committed 640K, reserved 1048576K
}
Event: 1.217 GC heap before
{Heap before GC invocations=1 (full 0):
 garbage-first heap   total 126976K, used 35972K [0x0000000084c00000, 0x0000000100000000)
  region size 1024K, 33 young (33792K), 3 survivors (3072K)
 Metaspace       used 11723K, committed 11968K, reserved 1114112K
  class space    used 1339K, committed 1472K, reserved 1048576K
}
Event: 1.220 GC heap after
{Heap after GC invocations=2 (full 0):
 garbage-first heap   total 126976K, used 8574K [0x0000000084c00000, 0x0000000100000000)
  region size 1024K, 3 young (3072K), 3 survivors (3072K)
 Metaspace       used 11723K, committed 11968K, reserved 1114112K
  class space    used 1339K, committed 1472K, reserved 1048576K
}
Event: 1.989 GC heap before
{Heap before GC invocations=2 (full 0):
 garbage-first heap   total 126976K, used 64894K [0x0000000084c00000, 0x0000000100000000)
  region size 1024K, 59 young (60416K), 3 survivors (3072K)
 Metaspace       used 21189K, committed 21504K, reserved 1114112K
  class space    used 2500K, committed 2688K, reserved 1048576K
}
Event: 1.995 GC heap after
{Heap after GC invocations=3 (full 0):
 garbage-first heap   total 126976K, used 12001K [0x0000000084c00000, 0x0000000100000000)
  region size 1024K, 6 young (6144K), 6 survivors (6144K)
 Metaspace       used 21189K, committed 21504K, reserved 1114112K
  class space    used 2500K, committed 2688K, reserved 1048576K
}
Event: 2.462 GC heap before
{Heap before GC invocations=4 (full 0):
 garbage-first heap   total 51200K, used 36577K [0x0000000084c00000, 0x0000000100000000)
  region size 1024K, 30 young (30720K), 6 survivors (6144K)
 Metaspace       used 26047K, committed 26432K, reserved 1114112K
  class space    used 3140K, committed 3328K, reserved 1048576K
}
Event: 2.472 GC heap after
{Heap after GC invocations=5 (full 0):
 garbage-first heap   total 51200K, used 14446K [0x0000000084c00000, 0x0000000100000000)
  region size 1024K, 3 young (3072K), 3 survivors (3072K)
 Metaspace       used 26047K, committed 26432K, reserved 1114112K
  class space    used 3140K, committed 3328K, reserved 1048576K
}
Event: 2.490 GC heap before
{Heap before GC invocations=5 (full 0):
 garbage-first heap   total 51200K, used 15470K [0x0000000084c00000, 0x0000000100000000)
  region size 1024K, 4 young (4096K), 3 survivors (3072K)
 Metaspace       used 26282K, committed 26688K, reserved 1114112K
  class space    used 3160K, committed 3328K, reserved 1048576K
}
Event: 2.494 GC heap after
{Heap after GC invocations=6 (full 0):
 garbage-first heap   total 51200K, used 14723K [0x0000000084c00000, 0x0000000100000000)
  region size 1024K, 1 young (1024K), 1 survivors (1024K)
 Metaspace       used 26282K, committed 26688K, reserved 1114112K
  class space    used 3160K, committed 3328K, reserved 1048576K
}
Event: 2.806 GC heap before
{Heap before GC invocations=6 (full 0):
 garbage-first heap   total 51200K, used 35203K [0x0000000084c00000, 0x0000000100000000)
  region size 1024K, 22 young (22528K), 1 survivors (1024K)
 Metaspace       used 30416K, committed 30912K, reserved 1114112K
  class space    used 3681K, committed 3904K, reserved 1048576K
}
Event: 2.809 GC heap after
{Heap after GC invocations=7 (full 0):
 garbage-first heap   total 51200K, used 15983K [0x0000000084c00000, 0x0000000100000000)
  region size 1024K, 2 young (2048K), 2 survivors (2048K)
 Metaspace       used 30416K, committed 30912K, reserved 1114112K
  class space    used 3681K, committed 3904K, reserved 1048576K
}
Event: 3.128 GC heap before
{Heap before GC invocations=7 (full 0):
 garbage-first heap   total 51200K, used 35439K [0x0000000084c00000, 0x0000000100000000)
  region size 1024K, 22 young (22528K), 2 survivors (2048K)
 Metaspace       used 35634K, committed 36096K, reserved 1114112K
  class space    used 4442K, committed 4672K, reserved 1048576K
}
Event: 3.130 GC heap after
{Heap after GC invocations=8 (full 0):
 garbage-first heap   total 51200K, used 16986K [0x0000000084c00000, 0x0000000100000000)
  region size 1024K, 2 young (2048K), 2 survivors (2048K)
 Metaspace       used 35634K, committed 36096K, reserved 1114112K
  class space    used 4442K, committed 4672K, reserved 1048576K
}
Event: 3.406 GC heap before
{Heap before GC invocations=9 (full 0):
 garbage-first heap   total 51200K, used 36442K [0x0000000084c00000, 0x0000000100000000)
  region size 1024K, 22 young (22528K), 2 survivors (2048K)
 Metaspace       used 40675K, committed 41088K, reserved 1114112K
  class space    used 5068K, committed 5248K, reserved 1048576K
}

