# JRE version: Java(TM) SE Runtime Environment (19.0.2+7) (build 19.0.2+7-44)
# Java VM: Java HotSpot(TM) 64-Bit Server VM (19.0.2+7-44, mixed mode, sharing, tiered, compressed oops, compressed class ptrs, g1 gc, windows-amd64)
GC Precious Log:
 CardTable entry size: 512
 Card Set container configuration: InlinePtr #cards 5 size 8 Array Of Cards #cards 12 size 40 Howl #buckets 4 coarsen threshold 1843 Howl Bitmap #cards 512 size 80 coarsen threshold 460 Card regions per heap region 1 cards per card region 2048
 CPUs: 8 total, 8 available
 Memory: 7883M
 Large Page Support: Disabled
 NUMA Support: Disabled
 Compressed Oops: Enabled (32-bit)
 Heap Region Size: 1M
 Heap Min Capacity: 8M
 Heap Initial Capacity: 124M
 Heap Max Capacity: 1972M
 Pre-touch: Disabled
 Parallel Workers: 8
 Concurrent Workers: 2
 Concurrent Refinement Workers: 8
 Periodic GC: Disabled
Heap:
 garbage-first heap   total 65536K, used 30938K [0x0000000084c00000, 0x0000000100000000)
  region size 1024K, 10 young (10240K), 3 survivors (3072K)
 Metaspace       used 57692K, committed 58240K, reserved 1114112K
  class space    used 7568K, committed 7808K, reserved 1048576K
GC Heap History (20 events):
Event: 0.908 GC heap before
{Heap before GC invocations=1 (full 0):
 garbage-first heap   total 126976K, used 34671K [0x0000000084c00000, 0x0000000100000000)
  region size 1024K, 31 young (31744K), 3 survivors (3072K)
 Metaspace       used 14335K, committed 14528K, reserved 1114112K
  class space    used 1670K, committed 1728K, reserved 1048576K
}
Event: 0.912 GC heap after
{Heap after GC invocations=2 (full 0):
 garbage-first heap   total 126976K, used 9318K [0x0000000084c00000, 0x0000000100000000)
  region size 1024K, 3 young (3072K), 3 survivors (3072K)
 Metaspace       used 14335K, committed 14528K, reserved 1114112K
  class space    used 1670K, committed 1728K, reserved 1048576K
}
Event: 1.690 GC heap before
{Heap before GC invocations=2 (full 0):
 garbage-first heap   total 126976K, used 51302K [0x0000000084c00000, 0x0000000100000000)
  region size 1024K, 46 young (47104K), 3 survivors (3072K)
 Metaspace       used 21173K, committed 21504K, reserved 1114112K
  class space    used 2529K, committed 2688K, reserved 1048576K
}
Event: 1.697 GC heap after
{Heap after GC invocations=3 (full 0):
 garbage-first heap   total 126976K, used 12877K [0x0000000084c00000, 0x0000000100000000)
  region size 1024K, 6 young (6144K), 6 survivors (6144K)
 Metaspace       used 21173K, committed 21504K, reserved 1114112K
  class space    used 2529K, committed 2688K, reserved 1048576K
}
Event: 2.208 GC heap before
{Heap before GC invocations=4 (full 0):
 garbage-first heap   total 48128K, used 35405K [0x0000000084c00000, 0x0000000100000000)
  region size 1024K, 28 young (28672K), 6 survivors (6144K)
 Metaspace       used 26341K, committed 26816K, reserved 1114112K
  class space    used 3201K, committed 3392K, reserved 1048576K
}
Event: 2.217 GC heap after
{Heap after GC invocations=5 (full 0):
 garbage-first heap   total 48128K, used 15313K [0x0000000084c00000, 0x0000000100000000)
  region size 1024K, 3 young (3072K), 3 survivors (3072K)
 Metaspace       used 26341K, committed 26816K, reserved 1114112K
  class space    used 3201K, committed 3392K, reserved 1048576K
}
Event: 2.236 GC heap before
{Heap before GC invocations=5 (full 0):
 garbage-first heap   total 48128K, used 16337K [0x0000000084c00000, 0x0000000100000000)
  region size 1024K, 4 young (4096K), 3 survivors (3072K)
 Metaspace       used 26599K, committed 27008K, reserved 1114112K
  class space    used 3225K, committed 3392K, reserved 1048576K
}
Event: 2.241 GC heap after
{Heap after GC invocations=6 (full 0):
 garbage-first heap   total 48128K, used 15995K [0x0000000084c00000, 0x0000000100000000)
  region size 1024K, 1 young (1024K), 1 survivors (1024K)
 Metaspace       used 26599K, committed 27008K, reserved 1114112K
  class space    used 3225K, committed 3392K, reserved 1048576K
}
Event: 2.629 GC heap before
{Heap before GC invocations=6 (full 0):
 garbage-first heap   total 48128K, used 33403K [0x0000000084c00000, 0x0000000100000000)
  region size 1024K, 19 young (19456K), 1 survivors (1024K)
 Metaspace       used 30510K, committed 30976K, reserved 1114112K
  class space    used 3736K, committed 3968K, reserved 1048576K
}
Event: 2.631 GC heap after
{Heap after GC invocations=7 (full 0):
 garbage-first heap   total 89088K, used 16950K [0x0000000084c00000, 0x0000000100000000)
  region size 1024K, 2 young (2048K), 2 survivors (2048K)
 Metaspace       used 30510K, committed 30976K, reserved 1114112K
  class space    used 3736K, committed 3968K, reserved 1048576K
}
Event: 3.122 GC heap before
{Heap before GC invocations=7 (full 0):
 garbage-first heap   total 89088K, used 33334K [0x0000000084c00000, 0x0000000100000000)
  region size 1024K, 19 young (19456K), 2 survivors (2048K)
 Metaspace       used 35490K, committed 35968K, reserved 1114112K
  class space    used 4478K, committed 4736K, reserved 1048576K
}
Event: 3.125 GC heap after
{Heap after GC invocations=8 (full 0):
 garbage-first heap   total 89088K, used 17907K [0x0000000084c00000, 0x0000000100000000)
  region size 1024K, 3 young (3072K), 3 survivors (3072K)
 Metaspace       used 35490K, committed 35968K, reserved 1114112K
  class space    used 4478K, committed 4736K, reserved 1048576K
}
Event: 3.900 GC heap before
{Heap before GC invocations=9 (full 0):
 garbage-first heap   total 65536K, used 53747K [0x0000000084c00000, 0x0000000100000000)
  region size 1024K, 38 young (38912K), 3 survivors (3072K)
 Metaspace       used 45836K, committed 46336K, reserved 1114112K
  class space    used 5987K, committed 6208K, reserved 1048576K
}
Event: 3.903 GC heap after
{Heap after GC invocations=10 (full 0):
 garbage-first heap   total 65536K, used 20207K [0x0000000084c00000, 0x0000000100000000)
  region size 1024K, 5 young (5120K), 5 survivors (5120K)
 Metaspace       used 45836K, committed 46336K, reserved 1114112K
  class space    used 5987K, committed 6208K, reserved 1048576K
}
Event: 3.924 GC heap before
{Heap before GC invocations=10 (full 0):
 garbage-first heap   total 65536K, used 21231K [0x0000000084c00000, 0x0000000100000000)
  region size 1024K, 6 young (6144K), 5 survivors (5120K)
 Metaspace       used 46093K, committed 46656K, reserved 1114112K
  class space    used 6028K, committed 6272K, reserved 1048576K
}
Event: 3.927 GC heap after
{Heap after GC invocations=11 (full 0):
 garbage-first heap   total 65536K, used 20077K [0x0000000084c00000, 0x0000000100000000)
  region size 1024K, 1 young (1024K), 1 survivors (1024K)
 Metaspace       used 46093K, committed 46656K, reserved 1114112K
  class space    used 6028K, committed 6272K, reserved 1048576K
}
Event: 4.571 GC heap before
{Heap before GC invocations=11 (full 0):
 garbage-first heap   total 65536K, used 46701K [0x0000000084c00000, 0x0000000100000000)
  region size 1024K, 28 young (28672K), 1 survivors (1024K)
 Metaspace       used 52240K, committed 52800K, reserved 1114112K
  class space    used 6840K, committed 7104K, reserved 1048576K
}
Event: 4.574 GC heap after
{Heap after GC invocations=12 (full 0):
 garbage-first heap   total 65536K, used 22039K [0x0000000084c00000, 0x0000000100000000)
  region size 1024K, 3 young (3072K), 3 survivors (3072K)
 Metaspace       used 52240K, committed 52800K, reserved 1114112K
  class space    used 6840K, committed 7104K, reserved 1048576K
}
Event: 5.072 GC heap before
{Heap before GC invocations=12 (full 0):
 garbage-first heap   total 65536K, used 47639K [0x0000000084c00000, 0x0000000100000000)
  region size 1024K, 29 young (29696K), 3 survivors (3072K)
 Metaspace       used 56058K, committed 56640K, reserved 1114112K
  class space    used 7374K, committed 7680K, reserved 1048576K
}
Event: 5.076 GC heap after
{Heap after GC invocations=13 (full 0):
 garbage-first heap   total 65536K, used 24794K [0x0000000084c00000, 0x0000000100000000)
  region size 1024K, 3 young (3072K), 3 survivors (3072K)
 Metaspace       used 56058K, committed 56640K, reserved 1114112K
  class space    used 7374K, committed 7680K, reserved 1048576K
}

