# JRE version: Java(TM) SE Runtime Environment (19.0.2+7) (build 19.0.2+7-44)
# Java VM: Java HotSpot(TM) 64-Bit Server VM (19.0.2+7-44, mixed mode, sharing, tiered, compressed oops, compressed class ptrs, g1 gc, windows-amd64)
GC Precious Log:
 CardTable entry size: 512
 Card Set container configuration: InlinePtr #cards 5 size 8 Array Of Cards #cards 12 size 40 Howl #buckets 4 coarsen threshold 1843 Howl Bitmap #cards 512 size 80 coarsen threshold 460 Card regions per heap region 1 cards per card region 2048
 CPUs: 8 total, 8 available
 Memory: 7883M
 Large Page Support: Disabled
 NUMA Support: Disabled
 Compressed Oops: Enabled (32-bit)
 Heap Region Size: 1M
 Heap Min Capacity: 8M
 Heap Initial Capacity: 124M
 Heap Max Capacity: 1972M
 Pre-touch: Disabled
 Parallel Workers: 8
 Concurrent Workers: 2
 Concurrent Refinement Workers: 8
 Periodic GC: Disabled
Heap:
 garbage-first heap   total 68608K, used 26256K [0x0000000084c00000, 0x0000000100000000)
  region size 1024K, 6 young (6144K), 4 survivors (4096K)
 Metaspace       used 57108K, committed 57728K, reserved 1114112K
  class space    used 7435K, committed 7744K, reserved 1048576K
GC Heap History (20 events):
Event: 0.705 GC heap before
{Heap before GC invocations=1 (full 0):
 garbage-first heap   total 126976K, used 35411K [0x0000000084c00000, 0x0000000100000000)
  region size 1024K, 32 young (32768K), 3 survivors (3072K)
 Metaspace       used 14483K, committed 14720K, reserved 1114112K
  class space    used 1699K, committed 1792K, reserved 1048576K
}
Event: 0.709 GC heap after
{Heap after GC invocations=2 (full 0):
 garbage-first heap   total 126976K, used 9148K [0x0000000084c00000, 0x0000000100000000)
  region size 1024K, 3 young (3072K), 3 survivors (3072K)
 Metaspace       used 14483K, committed 14720K, reserved 1114112K
  class space    used 1699K, committed 1792K, reserved 1048576K
}
Event: 1.268 GC heap before
{Heap before GC invocations=2 (full 0):
 garbage-first heap   total 126976K, used 49084K [0x0000000084c00000, 0x0000000100000000)
  region size 1024K, 43 young (44032K), 3 survivors (3072K)
 Metaspace       used 21135K, committed 21504K, reserved 1114112K
  class space    used 2515K, committed 2688K, reserved 1048576K
}
Event: 1.273 GC heap after
{Heap after GC invocations=3 (full 0):
 garbage-first heap   total 126976K, used 12341K [0x0000000084c00000, 0x0000000100000000)
  region size 1024K, 6 young (6144K), 6 survivors (6144K)
 Metaspace       used 21135K, committed 21504K, reserved 1114112K
  class space    used 2515K, committed 2688K, reserved 1048576K
}
Event: 1.644 GC heap before
{Heap before GC invocations=4 (full 0):
 garbage-first heap   total 48128K, used 34869K [0x0000000084c00000, 0x0000000100000000)
  region size 1024K, 28 young (28672K), 6 survivors (6144K)
 Metaspace       used 26171K, committed 26624K, reserved 1114112K
  class space    used 3170K, committed 3392K, reserved 1048576K
}
Event: 1.652 GC heap after
{Heap after GC invocations=5 (full 0):
 garbage-first heap   total 48128K, used 14861K [0x0000000084c00000, 0x0000000100000000)
  region size 1024K, 3 young (3072K), 3 survivors (3072K)
 Metaspace       used 26171K, committed 26624K, reserved 1114112K
  class space    used 3170K, committed 3392K, reserved 1048576K
}
Event: 1.671 GC heap before
{Heap before GC invocations=5 (full 0):
 garbage-first heap   total 48128K, used 15885K [0x0000000084c00000, 0x0000000100000000)
  region size 1024K, 4 young (4096K), 3 survivors (3072K)
 Metaspace       used 26377K, committed 26816K, reserved 1114112K
  class space    used 3196K, committed 3392K, reserved 1048576K
}
Event: 1.674 GC heap after
{Heap after GC invocations=6 (full 0):
 garbage-first heap   total 48128K, used 15717K [0x0000000084c00000, 0x0000000100000000)
  region size 1024K, 1 young (1024K), 1 survivors (1024K)
 Metaspace       used 26377K, committed 26816K, reserved 1114112K
  class space    used 3196K, committed 3392K, reserved 1048576K
}
Event: 1.952 GC heap before
{Heap before GC invocations=6 (full 0):
 garbage-first heap   total 48128K, used 33125K [0x0000000084c00000, 0x0000000100000000)
  region size 1024K, 19 young (19456K), 1 survivors (1024K)
 Metaspace       used 30326K, committed 30848K, reserved 1114112K
  class space    used 3735K, committed 3968K, reserved 1048576K
}
Event: 1.957 GC heap after
{Heap after GC invocations=7 (full 0):
 garbage-first heap   total 76800K, used 16705K [0x0000000084c00000, 0x0000000100000000)
  region size 1024K, 2 young (2048K), 2 survivors (2048K)
 Metaspace       used 30326K, committed 30848K, reserved 1114112K
  class space    used 3735K, committed 3968K, reserved 1048576K
}
Event: 2.365 GC heap before
{Heap before GC invocations=7 (full 0):
 garbage-first heap   total 76800K, used 31041K [0x0000000084c00000, 0x0000000100000000)
  region size 1024K, 18 young (18432K), 2 survivors (2048K)
 Metaspace       used 35455K, committed 35968K, reserved 1114112K
  class space    used 4453K, committed 4736K, reserved 1048576K
}
Event: 2.368 GC heap after
{Heap after GC invocations=8 (full 0):
 garbage-first heap   total 76800K, used 17746K [0x0000000084c00000, 0x0000000100000000)
  region size 1024K, 3 young (3072K), 3 survivors (3072K)
 Metaspace       used 35455K, committed 35968K, reserved 1114112K
  class space    used 4453K, committed 4736K, reserved 1048576K
}
Event: 3.039 GC heap before
{Heap before GC invocations=9 (full 0):
 garbage-first heap   total 68608K, used 54610K [0x0000000084c00000, 0x0000000100000000)
  region size 1024K, 40 young (40960K), 3 survivors (3072K)
 Metaspace       used 46432K, committed 46976K, reserved 1114112K
  class space    used 6082K, committed 6336K, reserved 1048576K
}
Event: 3.043 GC heap after
{Heap after GC invocations=10 (full 0):
 garbage-first heap   total 68608K, used 19909K [0x0000000084c00000, 0x0000000100000000)
  region size 1024K, 5 young (5120K), 5 survivors (5120K)
 Metaspace       used 46432K, committed 46976K, reserved 1114112K
  class space    used 6082K, committed 6336K, reserved 1048576K
}
Event: 3.049 GC heap before
{Heap before GC invocations=10 (full 0):
 garbage-first heap   total 68608K, used 19909K [0x0000000084c00000, 0x0000000100000000)
  region size 1024K, 6 young (6144K), 5 survivors (5120K)
 Metaspace       used 46532K, committed 47040K, reserved 1114112K
  class space    used 6102K, committed 6336K, reserved 1048576K
}
Event: 3.052 GC heap after
{Heap after GC invocations=11 (full 0):
 garbage-first heap   total 68608K, used 19823K [0x0000000084c00000, 0x0000000100000000)
  region size 1024K, 1 young (1024K), 1 survivors (1024K)
 Metaspace       used 46532K, committed 47040K, reserved 1114112K
  class space    used 6102K, committed 6336K, reserved 1048576K
}
Event: 3.441 GC heap before
{Heap before GC invocations=11 (full 0):
 garbage-first heap   total 68608K, used 50543K [0x0000000084c00000, 0x0000000100000000)
  region size 1024K, 32 young (32768K), 1 survivors (1024K)
 Metaspace       used 52775K, committed 53312K, reserved 1114112K
  class space    used 6916K, committed 7168K, reserved 1048576K
}
Event: 3.443 GC heap after
{Heap after GC invocations=12 (full 0):
 garbage-first heap   total 68608K, used 22194K [0x0000000084c00000, 0x0000000100000000)
  region size 1024K, 3 young (3072K), 3 survivors (3072K)
 Metaspace       used 52775K, committed 53312K, reserved 1114112K
  class space    used 6916K, committed 7168K, reserved 1048576K
}
Event: 4723.897 GC heap before
{Heap before GC invocations=12 (full 0):
 garbage-first heap   total 68608K, used 51890K [0x0000000084c00000, 0x0000000100000000)
  region size 1024K, 32 young (32768K), 3 survivors (3072K)
 Metaspace       used 56734K, committed 57344K, reserved 1114112K
  class space    used 7371K, committed 7680K, reserved 1048576K
}
Event: 4723.902 GC heap after
{Heap after GC invocations=13 (full 0):
 garbage-first heap   total 68608K, used 25232K [0x0000000084c00000, 0x0000000100000000)
  region size 1024K, 4 young (4096K), 4 survivors (4096K)
 Metaspace       used 56734K, committed 57344K, reserved 1114112K
  class space    used 7371K, committed 7680K, reserved 1048576K
}

